0 info it worked if it ends with ok
1 verbose cli [ '/usr/bin/node', '/usr/bin/npm', 'run', 'dev' ]
2 info using npm@3.5.2
3 info using node@v8.10.0
4 verbose run-script [ 'predev', 'dev', 'postdev' ]
5 info lifecycle todo-app-reactjs@1.0.0~predev: todo-app-reactjs@1.0.0
6 silly lifecycle todo-app-reactjs@1.0.0~predev: no script for predev, continuing
7 info lifecycle todo-app-reactjs@1.0.0~dev: todo-app-reactjs@1.0.0
8 verbose lifecycle todo-app-reactjs@1.0.0~dev: unsafe-perm in lifecycle true
9 verbose lifecycle todo-app-reactjs@1.0.0~dev: PATH: /usr/share/npm/bin/node-gyp-bin:/home/r3ndy/r3ndy/Programming/NodeJs/Project/My First ReactJS Application To-do-app/node_modules/.bin:/home/r3ndy/.local/bin:/usr/local/sbin:/usr/local/bin:/usr/sbin:/usr/bin:/sbin:/bin:/usr/games:/usr/local/games:/snap/bin
10 verbose lifecycle todo-app-reactjs@1.0.0~dev: CWD: /home/r3ndy/r3ndy/Programming/NodeJs/Project/My First ReactJS Application To-do-app
11 silly lifecycle todo-app-reactjs@1.0.0~dev: Args: [ '-c', 'nodemon app.js' ]
12 info lifecycle todo-app-reactjs@1.0.0~dev: Failed to exec dev script
13 verbose stack Error: todo-app-reactjs@1.0.0 dev: `nodemon app.js`
13 verbose stack spawn ENOENT
13 verbose stack     at ChildProcess.<anonymous> (/usr/share/npm/lib/utils/spawn.js:17:16)
13 verbose stack     at emitTwo (events.js:126:13)
13 verbose stack     at ChildProcess.emit (events.js:214:7)
13 verbose stack     at maybeClose (internal/child_process.js:925:16)
13 verbose stack     at Process.ChildProcess._handle.onexit (internal/child_process.js:209:5)
14 verbose pkgid todo-app-reactjs@1.0.0
15 verbose cwd /home/r3ndy/r3ndy/Programming/NodeJs/Project/My First ReactJS Application To-do-app
16 error Linux 5.0.0-27-generic
17 error argv "/usr/bin/node" "/usr/bin/npm" "run" "dev"
18 error node v8.10.0
19 error npm  v3.5.2
20 error file sh
21 error code ELIFECYCLE
22 error errno ENOENT
23 error syscall spawn
24 error todo-app-reactjs@1.0.0 dev: `nodemon app.js`
24 error spawn ENOENT
25 error Failed at the todo-app-reactjs@1.0.0 dev script 'nodemon app.js'.
25 error Make sure you have the latest version of node.js and npm installed.
25 error If you do, this is most likely a problem with the todo-app-reactjs package,
25 error not with npm itself.
25 error Tell the author that this fails on your system:
25 error     nodemon app.js
25 error You can get information on how to open an issue for this project with:
25 error     npm bugs todo-app-reactjs
25 error Or if that isn't available, you can get their info via:
25 error     npm owner ls todo-app-reactjs
25 error There is likely additional logging output above.
26 verbose exit [ 1, true ]
